\BOOKMARK [0][-]{section*.3}{\376\377\006\101\006\107\006\061\006\063\006\052\000\040\006\052\006\065\006\047\006\110\006\314\006\061}{}% 1
\BOOKMARK [0][-]{section*.4}{\376\377\006\101\006\107\006\061\006\063\006\052\000\040\006\054\006\057\006\047\006\110\006\104}{}% 2
\BOOKMARK [0][-]{section*.4}{\376\377\006\101\006\107\006\061\006\063\006\052\000\040\006\047\006\104\006\257\006\110\006\061\006\314\006\052\006\105\040\014\006\107\006\047}{}% 3
\BOOKMARK [0][-]{chapter*.5}{\376\377\006\101\006\107\006\061\006\063\006\052\000\040\006\050\006\061\006\106\006\047\006\105\006\107\040\014\006\107\006\047}{}% 4
\BOOKMARK [0][-]{chapter.1}{\376\377\006\057\006\314\006\050\006\047\006\206\006\107}{}% 5
\BOOKMARK [1][-]{section.1.1}{\376\377\006\107\006\057\006\101\000\040\006\176\006\230\006\110\006\107\006\064}{chapter.1}% 6
\BOOKMARK [1][-]{section.1.2}{\376\377\006\251\006\047\006\061\006\050\006\061\006\057\000\040\006\176\006\230\006\110\006\107\006\064}{chapter.1}% 7
\BOOKMARK [1][-]{section.1.3}{\376\377\006\063\006\047\006\056\006\052\006\047\006\061\000\040\006\176\006\047\006\314\006\047\006\106\000\040\006\106\006\047\006\105\006\107}{chapter.1}% 8
\BOOKMARK [0][-]{chapter.2}{\376\377\006\105\006\057\006\047\006\061\000\040\006\047\006\104\006\251\006\052\006\061\006\314\006\251\006\314\000\040\006\110\000\040\006\105\006\106\006\067\006\102\000\040\006\206\006\314\006\061\006\107\000\040\006\050\006\061\000\040\006\042\006\106}{}% 9
\BOOKMARK [1][-]{section.2.1}{\376\377\006\176\006\314\006\064\006\257\006\101\006\052\006\047\006\061}{chapter.2}% 10
\BOOKMARK [1][-]{section.2.2}{\376\377\006\052\006\047\006\061\006\314\006\056\006\206\006\107}{chapter.2}% 11
\BOOKMARK [1][-]{section.2.3}{\376\377\006\102\006\047\006\106\006\110\006\106\000\040\006\047\006\107\006\105}{chapter.2}% 12
\BOOKMARK [1][-]{section.2.4}{\376\377\006\071\006\106\006\047\006\065\006\061\000\040\006\314\006\251\000\040\006\105\006\057\006\047\006\061}{chapter.2}% 13
\BOOKMARK [2][-]{subsection.2.4.1}{\376\377\006\105\006\102\006\047\006\110\006\105\006\052}{section.2.4}% 14
\BOOKMARK [2][-]{subsection.2.4.2}{\376\377\006\050\006\047\006\052\006\061\006\314}{section.2.4}% 15
\BOOKMARK [2][-]{subsection.2.4.3}{\376\377\006\056\006\047\006\062\006\106}{section.2.4}% 16
\BOOKMARK [2][-]{subsection.2.4.4}{\376\377\006\063\006\104\006\101}{section.2.4}% 17
\BOOKMARK [1][-]{section.2.5}{\376\377\006\102\006\110\006\047\006\106\006\314\006\106\000\040\006\251\006\314\006\061\006\064\006\107\006\101}{chapter.2}% 18
\BOOKMARK [2][-]{subsection.2.5.1}{\376\377\006\102\006\047\006\106\006\110\006\106\000\040\006\054\006\061\006\314\006\047\006\106\000\040\006\251\006\314\006\061\006\064\006\107\006\101}{section.2.5}% 19
\BOOKMARK [2][-]{subsection.2.5.2}{\376\377\006\102\006\047\006\106\006\110\006\106\000\040\006\047\006\056\006\052\006\104\006\047\006\101\000\040\006\176\006\052\006\047\006\106\006\063\006\314\006\104\000\040\006\251\006\314\006\061\006\064\006\107\006\101}{section.2.5}% 20
\BOOKMARK [0][-]{chapter.3}{\376\377\006\106\006\070\006\061\006\314\006\107\000\040\006\257\006\061\006\047\006\101}{}% 21
\BOOKMARK [1][-]{section.3.1}{\376\377\006\105\006\102\006\057\006\105\006\107}{chapter.3}% 22
\BOOKMARK [1][-]{section.3.2}{\376\377\006\105\006\055\006\052\006\110\006\047\000\040\000\050\006\106\006\047\006\105\040\014\006\257\006\060\006\047\006\061\006\314\000\040\006\050\006\061\000\040\006\047\006\063\006\047\006\063\000\040\006\061\006\110\006\064\000\040\006\052\006\055\006\102\006\314\006\102\000\040\006\110\000\040\006\105\006\063\006\043\006\104\006\107\000\040\006\105\006\110\006\061\006\057\000\040\006\105\006\067\006\047\006\104\006\071\006\107\000\051}{chapter.3}% 23
\BOOKMARK [2][-]{subsection.3.2.1}{\376\377\006\071\006\104\006\052\000\040\006\047\006\106\006\052\006\056\006\047\006\050\000\040\006\061\006\110\006\064}{section.3.2}% 24
\BOOKMARK [2][-]{subsection.3.2.2}{\376\377\006\052\006\064\006\061\006\314\006\055\000\040\006\251\006\047\006\105\006\104\000\040\006\061\006\110\006\064\000\040\006\052\006\055\006\102\006\314\006\102}{section.3.2}% 25
\BOOKMARK [0][-]{chapter.4}{\376\377\006\106\006\052\006\047\006\314\006\054}{}% 26
\BOOKMARK [1][-]{section.4.1}{\376\377\006\105\006\102\006\057\006\105\006\107}{chapter.4}% 27
\BOOKMARK [1][-]{section.4.2}{\376\377\006\105\006\055\006\052\006\110\006\047}{chapter.4}% 28
\BOOKMARK [1][-]{section.4.3}{\376\377\006\047\006\071\006\052\006\050\006\047\006\061\006\063\006\106\006\054\006\314}{chapter.4}% 29
\BOOKMARK [0][-]{chapter.5}{\376\377\006\050\006\055\006\053\000\040\006\110\000\040\006\106\006\052\006\314\006\054\006\107\040\014\006\257\006\314\006\061\006\314}{}% 30
\BOOKMARK [1][-]{section.5.1}{\376\377\006\105\006\102\006\057\006\105\006\107}{chapter.5}% 31
\BOOKMARK [1][-]{section.5.2}{\376\377\006\105\006\055\006\052\006\110\006\047}{chapter.5}% 32
\BOOKMARK [2][-]{subsection.5.2.1}{\376\377\006\054\006\105\006\071\040\014\006\050\006\106\006\057\006\314}{section.5.2}% 33
\BOOKMARK [2][-]{subsection.5.2.2}{\376\377\006\106\006\110\006\042\006\110\006\061\006\314}{section.5.2}% 34
\BOOKMARK [2][-]{subsection.5.2.3}{\376\377\006\176\006\314\006\064\006\106\006\107\006\047\006\057\006\107\006\047}{section.5.2}% 35
\BOOKMARK [2][-]{subsection.5.2.4}{\376\377\006\105\006\055\006\057\006\110\006\057\006\314\006\052\040\014\006\107\006\047}{section.5.2}% 36
\BOOKMARK [0][-]{chapter*.9}{\376\377\006\105\006\061\006\047\006\054\006\071}{}% 37
\BOOKMARK [0][-]{chapter.6}{\376\377\006\042\006\064\006\106\006\047\006\314\006\314\000\040\006\063\006\061\006\314\006\071\000\040\006\050\006\047\000\040\006\050\006\061\006\056\006\314\000\040\006\057\006\063\006\052\006\110\006\061\006\047\006\052\000\040\006\104\006\047\006\052\006\251}{}% 38
\BOOKMARK [1][-]{section.6.1}{\376\377\006\050\006\106\006\057\006\107\006\047\000\040\006\110\000\040\006\062\006\314\006\061\006\106\006\110\006\314\006\063\040\014\006\107\006\047}{chapter.6}% 39
\BOOKMARK [1][-]{section.6.2}{\376\377\006\101\006\061\006\105\006\110\006\104\040\014\006\107\006\047\006\314\000\040\006\061\006\314\006\047\006\066\006\314}{chapter.6}% 40
\BOOKMARK [2][-]{subsection.6.2.1}{\376\377\006\314\006\251\000\040\006\062\006\314\006\061\006\050\006\056\006\064}{section.6.2}% 41
\BOOKMARK [3][-]{subsubsection.6.2.1.1}{\376\377\006\314\006\251\000\040\006\062\006\314\006\061\006\062\006\314\006\061\006\050\006\056\006\064}{subsection.6.2.1}% 42
\BOOKMARK [1][-]{section.6.3}{\376\377\006\106\006\110\006\064\006\052\006\107\040\014\006\107\006\047\006\314\000\040\006\101\006\047\006\061\006\063\006\314\000\040\006\110\000\040\006\047\006\106\006\257\006\104\006\314\006\063\006\314\000\040\006\105\006\056\006\104\006\110\006\067}{chapter.6}% 43
\BOOKMARK [1][-]{section.6.4}{\376\377\006\047\006\101\006\062\006\110\006\057\006\106\000\040\006\052\006\065\006\110\006\314\006\061\000\040\006\050\006\107\000\040\006\106\006\110\006\064\006\052\006\107}{chapter.6}% 44
\BOOKMARK [1][-]{section.6.5}{\376\377\006\105\006\055\006\314\006\067\040\014\006\107\006\047\006\314\000\040\006\064\006\105\006\047\006\061\006\064\000\040\006\110\000\040\006\106\006\251\006\047\006\052}{chapter.6}% 45
\BOOKMARK [1][-]{section.6.6}{\376\377\006\052\006\071\006\061\006\314\006\101\000\040\006\110\000\040\006\102\006\066\006\314\006\107}{chapter.6}% 46
\BOOKMARK [1][-]{section.6.7}{\376\377\006\206\006\257\006\110\006\106\006\257\006\314\000\040\006\106\006\110\006\064\006\052\006\106\000\040\006\110\000\040\006\047\006\061\006\054\006\047\006\071\000\040\006\050\006\107\000\040\006\105\006\061\006\047\006\054\006\071}{chapter.6}% 47
\BOOKMARK [0][-]{chapter.7}{\376\377\040\014\006\054\006\057\006\110\006\104\006\014\000\040\006\106\006\105\006\110\006\057\006\047\006\061\000\040\006\110\000\040\006\047\006\104\006\257\006\110\006\061\006\314\006\052\006\105\000\040\006\057\006\061\000\040\006\104\006\047\006\052\006\251}{}% 48
\BOOKMARK [1][-]{section.7.1}{\376\377\006\054\006\057\006\110\006\104}{chapter.7}% 49
\BOOKMARK [1][-]{section.7.2}{\376\377\006\105\006\071\006\047\006\057\006\104\006\047\006\052\000\040\006\061\006\314\006\047\006\066\006\314\000\040\006\110\000\040\006\105\006\047\006\052\006\061\006\314\006\063\040\014\006\107\006\047}{chapter.7}% 50
\BOOKMARK [1][-]{section.7.3}{\376\377\006\047\006\104\006\257\006\110\006\061\006\314\006\052\006\105}{chapter.7}% 51
\BOOKMARK [2][-]{subsection.7.3.1}{\376\377\006\047\006\104\006\257\006\110\006\061\006\314\006\052\006\105\000\040\006\063\006\047\006\057\006\107\000\040\006\050\006\047\000\040\006\057\006\063\006\052\006\110\006\061\006\107\006\047\006\314\000\040\006\101\006\047\006\061\006\063\006\314}{section.7.3}% 52
\BOOKMARK [2][-]{subsection.7.3.2}{\376\377\006\047\006\104\006\257\006\110\006\061\006\314\006\052\006\105\000\040\006\176\006\314\006\206\006\314\006\057\006\107\000\040\006\110\000\040\006\052\006\110\006\057\006\061\006\052\006\110\000\040\006\050\006\047\000\040\006\057\006\063\006\052\006\110\006\061\006\107\006\047\006\314\000\040\006\101\006\047\006\061\006\063\006\314}{section.7.3}% 53
\BOOKMARK [2][-]{subsection.7.3.3}{\376\377\006\047\006\104\006\257\006\110\006\061\006\314\006\052\006\105\000\040\006\050\006\047\000\040\006\057\006\063\006\052\006\110\006\061\006\107\006\047\006\314\000\040\006\104\006\047\006\052\006\314\006\106}{section.7.3}% 54
\BOOKMARK [1][-]{section.7.4}{\376\377\006\251\006\057}{chapter.7}% 55
\BOOKMARK [1][-]{section.7.5}{\376\377\006\052\006\065\006\110\006\314\006\061}{chapter.7}% 56
\BOOKMARK [1][-]{section.7.6}{\376\377\006\106\006\105\006\110\006\057\006\047\006\061}{chapter.7}% 57
\BOOKMARK [1][-]{section.7.7}{\376\377\006\106\006\055\006\110\006\107\000\040\006\102\006\061\006\047\006\061\006\257\006\314\006\061\006\314\000\040\006\047\006\064\006\314\006\047\006\314\000\040\006\064\006\106\006\047\006\110\006\061}{chapter.7}% 58
\BOOKMARK [0][-]{chapter.8}{\376\377\006\105\006\061\006\047\006\054\006\071\006\014\000\040\006\110\006\047\006\230\006\107\040\014\006\106\006\047\006\105\006\107\000\040\006\110\000\040\006\055\006\047\006\064\006\314\006\107\040\014\006\106\006\110\006\314\006\063\006\314}{}% 59
\BOOKMARK [1][-]{section.8.1}{\376\377\006\105\006\061\006\047\006\054\006\071\000\040\006\110\000\040\006\106\006\102\006\104\040\014\006\102\006\110\006\104\040\014\006\107\006\047}{chapter.8}% 60
\BOOKMARK [2][-]{subsection.8.1.1}{\376\377\000\040\006\105\006\057\006\314\006\061\006\314\006\052\000\040\006\105\006\061\006\047\006\054\006\071\000\040\006\050\006\047\000\040\000B\000i\000b\000T\000e\000X}{section.8.1}% 61
\BOOKMARK [2][-]{subsection.8.1.2}{\376\377\006\063\006\050\006\251\040\014\006\107\006\047\006\314\000\040\006\105\006\110\006\061\006\057\000\040\006\052\006\043\006\314\006\314\006\057\000\040\006\057\006\047\006\106\006\064\006\257\006\047\006\107\000\040\006\052\006\107\006\061\006\047\006\106}{section.8.1}% 62
\BOOKMARK [2][-]{subsection.8.1.3}{\376\377\006\063\006\050\006\251\040\014\006\107\006\047\006\314\000\040\006\101\006\047\006\061\006\063\006\314\000\040\006\102\006\047\006\050\006\104\000\040\006\047\006\063\006\052\006\101\006\047\006\057\006\107\000\040\006\057\006\061\000\040\006\062\006\314\040\014\006\176\006\061\006\064\006\314\006\106}{section.8.1}% 63
\BOOKMARK [2][-]{subsection.8.1.4}{\376\377\006\063\006\047\006\056\006\052\006\047\006\061\000\040\006\101\006\047\006\314\006\104\000\040\006\105\006\061\006\047\006\054\006\071}{section.8.1}% 64
\BOOKMARK [2][-]{subsection.8.1.5}{\376\377\006\106\006\055\006\110\006\107\000\040\006\047\006\054\006\061\006\047\006\314\000\040\000B\000i\000b\000T\000e\000X}{section.8.1}% 65
\BOOKMARK [1][-]{section.8.2}{\376\377\006\110\006\047\006\230\006\107\040\014\006\106\006\047\006\105\006\107\040\014\006\107\006\047\000\040\006\110\000\040\006\101\006\107\006\061\006\063\006\052\000\040\006\047\006\056\006\052\006\065\006\047\006\061\006\047\006\052}{chapter.8}% 66
\BOOKMARK [1][-]{section.8.3}{\376\377\006\055\006\047\006\064\006\314\006\107\040\014\006\106\006\110\006\314\006\063\006\314\000\040\006\057\006\061\000\040\006\106\006\063\006\056\006\107\000\040\006\176\006\314\006\064\040\014\006\106\006\110\006\314\006\063}{chapter.8}% 67
